[debug] [2023-05-10T12:20:54.772Z] ----------------------------------------------------------------------
[debug] [2023-05-10T12:20:54.774Z] Command:       C:\Program Files\nodejs\node.exe C:\Users\gavrf\AppData\Roaming\npm\node_modules\firebase-tools\lib\bin\firebase.js init hosting
[debug] [2023-05-10T12:20:54.774Z] CLI Version:   12.0.0
[debug] [2023-05-10T12:20:54.775Z] Platform:      win32
[debug] [2023-05-10T12:20:54.775Z] Node Version:  v18.12.1
[debug] [2023-05-10T12:20:54.776Z] Time:          Wed May 10 2023 15:20:54 GMT+0300 (Восточная Европа, летнее время)
[debug] [2023-05-10T12:20:54.776Z] ----------------------------------------------------------------------
[debug] 
[debug] [2023-05-10T12:20:54.782Z] > command requires scopes: ["email","openid","https://www.googleapis.com/auth/cloudplatformprojects.readonly","https://www.googleapis.com/auth/firebase","https://www.googleapis.com/auth/cloud-platform"]
[debug] [2023-05-10T12:20:54.783Z] > authorizing via signed-in user (gavrfavorite@gmail.com)
[info] 
     ######## #### ########  ######## ########     ###     ######  ########
     ##        ##  ##     ## ##       ##     ##  ##   ##  ##       ##
     ######    ##  ########  ######   ########  #########  ######  ######
     ##        ##  ##    ##  ##       ##     ## ##     ##       ## ##
     ##       #### ##     ## ######## ########  ##     ##  ######  ########

You're about to initialize a Firebase project in this directory:

  B:\Education\IT_Education\Projects\VortexBackend

[info] 
=== Project Setup
[info] 
[info] First, let's associate this project directory with a Firebase project.
[info] You can create multiple project aliases by running firebase use --add, 
[info] but for now we'll just set up a default project.
[info] 
[debug] [2023-05-10T12:21:17.212Z] >>> [apiv2][query] GET https://firebase.googleapis.com/v1beta1/projects pageSize=100
[debug] [2023-05-10T12:21:17.952Z] <<< [apiv2][status] GET https://firebase.googleapis.com/v1beta1/projects 200
[debug] [2023-05-10T12:21:17.952Z] <<< [apiv2][body] GET https://firebase.googleapis.com/v1beta1/projects [omitted]
[info] i  Using project firebase-vortex-329615 (firebase-game-vortex) 
[info] 
=== Hosting Setup
[info] 
[info] Your public directory is the folder (relative to your project directory) that
[info] will contain Hosting assets to be uploaded with firebase deploy. If you
[info] have a build process for your assets, use your build's output directory.
[info] 
